[debug] [2018-05-08T21:46:51.412Z] ----------------------------------------------------------------------
[debug] [2018-05-08T21:46:51.426Z] Command:       C:\Program Files\nodejs\node.exe C:\Users\saraf\AppData\Roaming\npm\node_modules\firebase-tools\bin\firebase serve
[debug] [2018-05-08T21:46:51.426Z] CLI Version:   3.18.4
[debug] [2018-05-08T21:46:51.426Z] Platform:      win32
[debug] [2018-05-08T21:46:51.427Z] Node Version:  v8.9.1
[debug] [2018-05-08T21:46:51.427Z] Time:          Tue May 08 2018 22:46:51 GMT+0100 (Hora de Verão de GMT)
[debug] [2018-05-08T21:46:51.427Z] ----------------------------------------------------------------------
[debug] 
[debug] [2018-05-08T21:46:51.509Z] > command requires scopes: ["email","openid","https://www.googleapis.com/auth/cloudplatformprojects.readonly","https://www.googleapis.com/auth/firebase","https://www.googleapis.com/auth/cloud-platform"]
[debug] [2018-05-08T21:46:51.511Z] > authorizing via signed-in user
[debug] [2018-05-08T21:46:51.514Z] > refreshing access token with scopes: ["email","https://www.googleapis.com/auth/cloud-platform","https://www.googleapis.com/auth/cloudplatformprojects.readonly","https://www.googleapis.com/auth/firebase","openid"]
[debug] [2018-05-08T21:46:51.514Z] >>> HTTP REQUEST POST https://www.googleapis.com/oauth2/v3/token  
 { refresh_token: '1/UC8SMa-EY_QB9DUdthkpUjeP1r5TzPREYyHhXOUBGe8',
  client_id: '563584335869-fgrhgmd47bqnekij5i8b5pr03ho849e6.apps.googleusercontent.com',
  client_secret: 'j9iVZfS8kkCEFUPaAeJV0sAi',
  grant_type: 'refresh_token',
  scope: 'email https://www.googleapis.com/auth/cloud-platform https://www.googleapis.com/auth/cloudplatformprojects.readonly https://www.googleapis.com/auth/firebase openid' } 
 Tue May 08 2018 22:46:51 GMT+0100 (Hora de Verão de GMT)
[debug] [2018-05-08T21:46:51.915Z] <<< HTTP RESPONSE 200
[debug] [2018-05-08T21:46:52.109Z] >>> HTTP REQUEST GET https://admin.firebase.com/v1/projects/fir-biama  
  
 Tue May 08 2018 22:46:52 GMT+0100 (Hora de Verão de GMT)
[debug] [2018-05-08T21:46:53.102Z] <<< HTTP RESPONSE 200
[debug] [2018-05-08T21:46:53.103Z] >>> HTTP REQUEST GET https://admin.firebase.com/v1/database/fir-biama/tokens  
  
 Tue May 08 2018 22:46:53 GMT+0100 (Hora de Verão de GMT)
[debug] [2018-05-08T21:46:53.753Z] <<< HTTP RESPONSE 200
[debug] [2018-05-08T21:46:53.754Z] >>> HTTP REQUEST GET https://cloudresourcemanager.googleapis.com/v1/projects/fir-biama  
  
 Tue May 08 2018 22:46:53 GMT+0100 (Hora de Verão de GMT)
[debug] [2018-05-08T21:46:54.678Z] <<< HTTP RESPONSE 200
[info] 
[info] === Serving from 'C:\Users\saraf\Desktop\ISEL\PROJETO FINAL DE CURSO\Project\BiAMaProj'...
[info] 
[debug] [2018-05-08T21:46:54.680Z] >>> HTTP REQUEST GET https://mobilesdk-pa.googleapis.com/v1/projects/861577986516/clients/_:getWebAppConfig  
  
 Tue May 08 2018 22:46:54 GMT+0100 (Hora de Verão de GMT)
[debug] [2018-05-08T21:46:55.260Z] <<< HTTP RESPONSE 200
[info] i  hosting: Serving hosting files from: firebase
[info] +  hosting: Local server: http://localhost:5000

